<?xml version="1.0" encoding="UTF-8"?>
<!-- Generated by org.testng.reporters.JUnitReportReporter -->
<testsuite skipped="0" hostname="vmt5023" name="demo.Demo" tests="3" failures="0" timestamp="18 Jul 2019 06:22:05 GMT" time="0.054" errors="0">
  <testcase name="testCaseOne" time="0.037" classname="demo.Demo"/>
  <testcase name="testCaseTwo" time="0.006" classname="demo.Demo"/>
  <testcase name="testCaseFour" time="0.011" classname="demo.Demo"/>
</testsuite> <!-- demo.Demo -->
