<?xml version="1.0" encoding="UTF-8"?>
<!-- Generated by org.testng.reporters.JUnitReportReporter -->
<testsuite skipped="0" hostname="vmt5023" name="demo.NewTest" tests="1" failures="0" timestamp="16 Jul 2019 07:19:38 GMT" time="6.000" errors="0">
  <testcase name="f" time="6.000" classname="demo.NewTest"/>
</testsuite> <!-- demo.NewTest -->
