<?xml version="1.0" encoding="UTF-8"?>
<!-- Generated by org.testng.reporters.JUnitReportReporter -->
<testsuite skipped="0" hostname="vmt5023" name="demo.File1" tests="1" failures="0" timestamp="17 Jul 2019 06:27:18 GMT" time="0.036" errors="0">
  <testcase name="f" time="0.036" classname="demo.File1"/>
</testsuite> <!-- demo.File1 -->
