<?xml version="1.0" encoding="UTF-8"?>
<!-- Generated by org.testng.reporters.JUnitReportReporter -->
<testsuite skipped="0" hostname="vmt5023" name="demo.Demo" tests="4" failures="0" timestamp="17 Jul 2019 11:52:22 GMT" time="0.046" errors="0">
  <testcase name="testCaseOne" time="0.032" classname="demo.Demo"/>
  <testcase name="testCaseTwo" time="0.005" classname="demo.Demo"/>
  <testcase name="testCaseFour" time="0.004" classname="demo.Demo"/>
  <testcase name="testCaseThree" time="0.005" classname="demo.Demo"/>
</testsuite> <!-- demo.Demo -->
