<?xml version="1.0" encoding="UTF-8"?>
<!-- Generated by org.testng.reporters.JUnitReportReporter -->
<testsuite skipped="0" hostname="vmt5023" name="demo.NewTest2" tests="3" failures="0" timestamp="17 Jul 2019 11:09:43 GMT" time="22.892" errors="0">
  <testcase name="searchForUser" time="1.900" classname="demo.NewTest2"/>
  <testcase name="loginToApplication" time="20.966" classname="demo.NewTest2"/>
  <testcase name="deleteTheUser" time="0.026" classname="demo.NewTest2"/>
</testsuite> <!-- demo.NewTest2 -->
